<?xml version="1.0" encoding="UTF-8"?>
<!-- Generated by org.testng.reporters.JUnitReportReporter -->
<testsuite hostname="Farhan_4U" failures="0" tests="2" name="com.sdet.AppTest" time="0.012" errors="0" timestamp="2023-11-11T17:58:15 IST" skipped="0">
  <testcase classname="com.sdet.AppTest" name="testlogin2" time="0.001"/>
  <system-out/>
  <testcase classname="com.sdet.AppTest" name="testlogin1" time="0.011"/>
  <system-out/>
</testsuite> <!-- com.sdet.AppTest -->
